RimWorld by Ludeon Studios by Ludeon Studios [version: Unity 2019.4.30f1_e8c891080a1f]

UnityPlayer.dll caused a Breakpoint (0x80000003)
  in module UnityPlayer.dll at 0033:562642bb.

Error occurred at 2022-11-03_143036.
D:\Program Files (x86)\Steam\steamapps\common\RimWorld\RimWorldWin64.exe, run by kcook.

70% physical memory in use.
16267 MB physical memory [4777 MB free].
9671 MB process peak paging file [9428 MB used].
5634 MB process peak working set [5486 MB used].
System Commit Total/Limit/Peak: 21824MB/22266MB/22266MB
System Physical Total/Available: 16267MB/4777MB
System Process Count: 292
System Thread Count: 4069
System Handle Count: 132267
Disk space data for 'C:\Users\kcook\AppData\Local\Temp\Ludeon Studios\RimWorld by Ludeon Studios\Crashes\Crash_2022-11-03_193024163\': 84021248 bytes free of 126710968320 total.


Context:
RDI:    0x0000000000000000  RSI: 0x000000920ff1d010  RAX:   0x0000000000000000
RBX:    0x0000000000000018  RCX: 0x00000226f0000140  RDX:   0x0000000000000318
RIP:    0x00007fff562642bb  RBP: 0x000000920ff1cec9  SegCs: 0x0000000000000033
EFlags: 0x0000000000000202  RSP: 0x000000920ff1ce50  SegSs: 0x000000000000002b
R8:     0x0000000000000010  R9:  0x00007fff568de004  R10:   0x0000000000000000
R11:    0x000000920ff1cbf0  R12: 0x0000000000000000  R13:   0x00007fff568de004
R14:    0x00007fff568de004  R15: 0x0000000000000000


Bytes at CS:EIP:
cc 8b 0d 3e 32 9d 00 ff 15 e8 25 67 00 8b 0d 32 

Mono DLL loaded successfully at 'D:\Program Files (x86)\Steam\steamapps\common\RimWorld\MonoBleedingEdge\EmbedRuntime\mono-2.0-bdwgc.dll'.


Stack Trace of Crashed Thread 9080:
0x00007FFF562642BB (UnityPlayer) UnityMain
0x00007FFF56263DCA (UnityPlayer) UnityMain
0x00007FFF55A1F202 (UnityPlayer) UnityMain
0x00007FFF55A1D0CE (UnityPlayer) UnityMain
0x00007FFF55A1F59F (UnityPlayer) UnityMain
0x00007FFF55A201F7 (UnityPlayer) UnityMain
0x00007FFF55CAA4B5 (UnityPlayer) UnityMain
ERROR: SymGetSymFromAddr64, GetLastError: 'Attempt to access invalid address.' (Address: 00007FFF555564E8)
0x00007FFF555564E8 (UnityPlayer) (function-name not available)
0x00007FFF55B2CDE7 (UnityPlayer) UnityMain
0x00007FFF55B2A47E (UnityPlayer) UnityMain
0x00007FFF55B07C3F (UnityPlayer) UnityMain
0x00007FFF55E19F9F (UnityPlayer) UnityMain
0x0000022858B9C723 (UnityEngine.CoreModule) UnityEngine.Texture2D.ReadPixelsImpl_Injected()
0x0000022858B9C643 (UnityEngine.CoreModule) UnityEngine.Texture2D.ReadPixelsImpl()
0x0000022858B9C58B (UnityEngine.CoreModule) UnityEngine.Texture2D.ReadPixels()
0x0000022858B9C4CB (UnityEngine.CoreModule) UnityEngine.Texture2D.ReadPixels()
0x0000022858B98DF3 (MapPreview) MapPreview.TrueTerrainColors.CalculateTrueTerrainColors()
0x0000022858B97223 (MapPreview) MapPreview.TrueTerrainColors..cctor()
0x0000022858B962ED (mscorlib) System.Object.runtime_invoke_void()
0x00007FFF5F24E270 (mono-2.0-bdwgc) mono_get_runtime_build_info
0x00007FFF5F1D2AE2 (mono-2.0-bdwgc) mono_perfcounters_init
0x00007FFF5F1DB1FC (mono-2.0-bdwgc) mono_runtime_class_init
0x00007FFF5F188D2E (mono-2.0-bdwgc) mono_lookup_internal_call
0x00000227CDBDFB43 (mscorlib) System.Runtime.CompilerServices.RuntimeHelpers.RunClassConstructor()

Stacks for Running Threads:

Call Stack for Thread 26452:
0x00007FF8075ED144 (ntdll) NtWaitForSingleObject
0x00007FF804C8306E (KERNELBASE) WaitForSingleObjectEx
0x00007FFF5F145E7F (mono-2.0-bdwgc) mono_conc_hashtable_remove
0x00007FFF5F234EED (mono-2.0-bdwgc) mono_gc_reference_queue_new
0x00007FFF5F233CC5 (mono-2.0-bdwgc) mono_callspec_parse
0x00007FFF5F1F6BD8 (mono-2.0-bdwgc) mono_unity_managed_callstack
0x00007FFF5F1F6966 (mono-2.0-bdwgc) mono_unity_managed_callstack
0x00007FF806D17034 (KERNEL32) BaseThreadInitThunk
0x00007FF8075A26A1 (ntdll) RtlUserThreadStart


Call Stack for Thread 16948:
0x00007FF8075ED144 (ntdll) NtWaitForSingleObject
0x00007FF804C8306E (KERNELBASE) WaitForSingleObjectEx
0x00007FFF563547E2 (UnityPlayer) UnityMain
0x00007FFF55BE1680 (UnityPlayer) UnityMain
0x00007FFF55BE2750 (UnityPlayer) UnityMain
0x00007FFF55CCEEB8 (UnityPlayer) UnityMain
0x00007FF806D17034 (KERNEL32) BaseThreadInitThunk
0x00007FF8075A26A1 (ntdll) RtlUserThreadStart


Call Stack for Thread 964:
0x00007FF8075ED144 (ntdll) NtWaitForSingleObject
0x00007FF804C8306E (KERNELBASE) WaitForSingleObjectEx
0x00007FFF563547E2 (UnityPlayer) UnityMain
0x00007FFF55BE1680 (UnityPlayer) UnityMain
0x00007FFF55BE2750 (UnityPlayer) UnityMain
0x00007FFF55CCEEB8 (UnityPlayer) UnityMain
0x00007FF806D17034 (KERNEL32) BaseThreadInitThunk
0x00007FF8075A26A1 (ntdll) RtlUserThreadStart


Call Stack for Thread 408:
0x00007FF8075ED144 (ntdll) NtWaitForSingleObject
0x00007FF804C8306E (KERNELBASE) WaitForSingleObjectEx
0x00007FFF563547E2 (UnityPlayer) UnityMain
0x00007FFF55BE1680 (UnityPlayer) UnityMain
0x00007FFF55BE2750 (UnityPlayer) UnityMain
0x00007FFF55CCEEB8 (UnityPlayer) UnityMain
0x00007FF806D17034 (KERNEL32) BaseThreadInitThunk
0x00007FF8075A26A1 (ntdll) RtlUserThreadStart


Call Stack for Thread 5632:
0x00007FF8075ED144 (ntdll) NtWaitForSingleObject
0x00007FF804C8306E (KERNELBASE) WaitForSingleObjectEx
0x00007FFF563547E2 (UnityPlayer) UnityMain
0x00007FFF55BE1680 (UnityPlayer) UnityMain
0x00007FFF55BE2750 (UnityPlayer) UnityMain
0x00007FFF55CCEEB8 (UnityPlayer) UnityMain
0x00007FF806D17034 (KERNEL32) BaseThreadInitThunk
0x00007FF8075A26A1 (ntdll) RtlUserThreadStart


Call Stack for Thread 26524:
0x00007FF8075ED144 (ntdll) NtWaitForSingleObject
0x00007FF804C8306E (KERNELBASE) WaitForSingleObjectEx
0x00007FFF563547E2 (UnityPlayer) UnityMain
0x00007FFF55BE1680 (UnityPlayer) UnityMain
0x00007FFF55BE2750 (UnityPlayer) UnityMain
0x00007FFF55CCEEB8 (UnityPlayer) UnityMain
0x00007FF806D17034 (KERNEL32) BaseThreadInitThunk
0x00007FF8075A26A1 (ntdll) RtlUserThreadStart


Call Stack for Thread 26436:
0x00007FF8075ED144 (ntdll) NtWaitForSingleObject
0x00007FF804C8306E (KERNELBASE) WaitForSingleObjectEx
0x00007FFF563547E2 (UnityPlayer) UnityMain
0x00007FFF55BE1680 (UnityPlayer) UnityMain
0x00007FFF55BE2750 (UnityPlayer) UnityMain
0x00007FFF55CCEEB8 (UnityPlayer) UnityMain
0x00007FF806D17034 (KERNEL32) BaseThreadInitThunk
0x00007FF8075A26A1 (ntdll) RtlUserThreadStart


Call Stack for Thread 532:
0x00007FF8075ED144 (ntdll) NtWaitForSingleObject
0x00007FF804C8306E (KERNELBASE) WaitForSingleObjectEx
0x00007FFF563547E2 (UnityPlayer) UnityMain
0x00007FFF55BE1680 (UnityPlayer) UnityMain
0x00007FFF55BE2750 (UnityPlayer) UnityMain
0x00007FFF55CCEEB8 (UnityPlayer) UnityMain
0x00007FF806D17034 (KERNEL32) BaseThreadInitThunk
0x00007FF8075A26A1 (ntdll) RtlUserThreadStart


Call Stack for Thread 16172:
0x00007FF8075ED144 (ntdll) NtWaitForSingleObject
0x00007FF804C8306E (KERNELBASE) WaitForSingleObjectEx
0x00007FFF563547E2 (UnityPlayer) UnityMain
0x00007FFF55BE1680 (UnityPlayer) UnityMain
0x00007FFF55BE2750 (UnityPlayer) UnityMain
0x00007FFF55CCEEB8 (UnityPlayer) UnityMain
0x00007FF806D17034 (KERNEL32) BaseThreadInitThunk
0x00007FF8075A26A1 (ntdll) RtlUserThreadStart


Call Stack for Thread 2488:
0x00007FF8075ED144 (ntdll) NtWaitForSingleObject
0x00007FF804C8306E (KERNELBASE) WaitForSingleObjectEx
0x00007FFF563547E2 (UnityPlayer) UnityMain
0x00007FFF55BE1680 (UnityPlayer) UnityMain
0x00007FFF55BE2750 (UnityPlayer) UnityMain
0x00007FFF55CCEEB8 (UnityPlayer) UnityMain
0x00007FF806D17034 (KERNEL32) BaseThreadInitThunk
0x00007FF8075A26A1 (ntdll) RtlUserThreadStart


Call Stack for Thread 26580:
0x00007FF8075ED144 (ntdll) NtWaitForSingleObject
0x00007FF804C8306E (KERNELBASE) WaitForSingleObjectEx
0x00007FFF563547E2 (UnityPlayer) UnityMain
0x00007FFF55BE1680 (UnityPlayer) UnityMain
0x00007FFF55BE2750 (UnityPlayer) UnityMain
0x00007FFF55CCEEB8 (UnityPlayer) UnityMain
0x00007FF806D17034 (KERNEL32) BaseThreadInitThunk
0x00007FF8075A26A1 (ntdll) RtlUserThreadStart


Call Stack for Thread 25144:
0x00007FF8075ED144 (ntdll) NtWaitForSingleObject
0x00007FF804C8306E (KERNELBASE) WaitForSingleObjectEx
0x00007FFF563547E2 (UnityPlayer) UnityMain
0x00007FFF55BE1680 (UnityPlayer) UnityMain
0x00007FFF55BE2750 (UnityPlayer) UnityMain
0x00007FFF55CCEEB8 (UnityPlayer) UnityMain
0x00007FF806D17034 (KERNEL32) BaseThreadInitThunk
0x00007FF8075A26A1 (ntdll) RtlUserThreadStart


Call Stack for Thread 20092:
0x00007FF8075ED144 (ntdll) NtWaitForSingleObject
0x00007FF804C8306E (KERNELBASE) WaitForSingleObjectEx
0x00007FFF563547E2 (UnityPlayer) UnityMain
0x00007FFF55BE1680 (UnityPlayer) UnityMain
0x00007FFF55BE2750 (UnityPlayer) UnityMain
0x00007FFF55CCEEB8 (UnityPlayer) UnityMain
0x00007FF806D17034 (KERNEL32) BaseThreadInitThunk
0x00007FF8075A26A1 (ntdll) RtlUserThreadStart


Call Stack for Thread 25908:
0x00007FF8075ED144 (ntdll) NtWaitForSingleObject
0x00007FF804C8306E (KERNELBASE) WaitForSingleObjectEx
0x00007FFF563547E2 (UnityPlayer) UnityMain
0x00007FFF55BE1680 (UnityPlayer) UnityMain
0x00007FFF55BE2750 (UnityPlayer) UnityMain
0x00007FFF55CCEEB8 (UnityPlayer) UnityMain
0x00007FF806D17034 (KERNEL32) BaseThreadInitThunk
0x00007FF8075A26A1 (ntdll) RtlUserThreadStart


Call Stack for Thread 19624:
0x00007FF8075ED144 (ntdll) NtWaitForSingleObject
0x00007FF804C8306E (KERNELBASE) WaitForSingleObjectEx
0x00007FFF563547E2 (UnityPlayer) UnityMain
0x00007FFF55BE1680 (UnityPlayer) UnityMain
0x00007FFF55BE2750 (UnityPlayer) UnityMain
0x00007FFF55CCEEB8 (UnityPlayer) UnityMain
0x00007FF806D17034 (KERNEL32) BaseThreadInitThunk
0x00007FF8075A26A1 (ntdll) RtlUserThreadStart


Call Stack for Thread 9376:
0x00007FF8075ED144 (ntdll) NtWaitForSingleObject
0x00007FF804C8306E (KERNELBASE) WaitForSingleObjectEx
0x00007FFF563547E2 (UnityPlayer) UnityMain
0x00007FFF55BE1680 (UnityPlayer) UnityMain
0x00007FFF55BE2750 (UnityPlayer) UnityMain
0x00007FFF55CCEEB8 (UnityPlayer) UnityMain
0x00007FF806D17034 (KERNEL32) BaseThreadInitThunk
0x00007FF8075A26A1 (ntdll) RtlUserThreadStart


Call Stack for Thread 21748:
0x00007FF8075ED144 (ntdll) NtWaitForSingleObject
0x00007FF804C8306E (KERNELBASE) WaitForSingleObjectEx
0x00007FFF563547E2 (UnityPlayer) UnityMain
0x00007FFF55BE1680 (UnityPlayer) UnityMain
0x00007FFF55BE2750 (UnityPlayer) UnityMain
0x00007FFF55CCEEB8 (UnityPlayer) UnityMain
0x00007FF806D17034 (KERNEL32) BaseThreadInitThunk
0x00007FF8075A26A1 (ntdll) RtlUserThreadStart


Call Stack for Thread 11396:
0x00007FF8075ED144 (ntdll) NtWaitForSingleObject
0x00007FF804C8306E (KERNELBASE) WaitForSingleObjectEx
0x00007FFF563547E2 (UnityPlayer) UnityMain
0x00007FFF55BE1680 (UnityPlayer) UnityMain
0x00007FFF55BE2750 (UnityPlayer) UnityMain
0x00007FFF55CCEEB8 (UnityPlayer) UnityMain
0x00007FF806D17034 (KERNEL32) BaseThreadInitThunk
0x00007FF8075A26A1 (ntdll) RtlUserThreadStart


Call Stack for Thread 26124:
0x00007FF8075ED144 (ntdll) NtWaitForSingleObject
0x00007FF804C8306E (KERNELBASE) WaitForSingleObjectEx
0x00007FFF563547E2 (UnityPlayer) UnityMain
0x00007FFF55BE1680 (UnityPlayer) UnityMain
0x00007FFF55BE2750 (UnityPlayer) UnityMain
0x00007FFF55CCEEB8 (UnityPlayer) UnityMain
0x00007FF806D17034 (KERNEL32) BaseThreadInitThunk
0x00007FF8075A26A1 (ntdll) RtlUserThreadStart


Call Stack for Thread 25368:
0x00007FF8075ED144 (ntdll) NtWaitForSingleObject
0x00007FF804C8306E (KERNELBASE) WaitForSingleObjectEx
0x00007FFF563547E2 (UnityPlayer) UnityMain
0x00007FFF55BE1680 (UnityPlayer) UnityMain
0x00007FFF55BE2750 (UnityPlayer) UnityMain
0x00007FFF55CCEEB8 (UnityPlayer) UnityMain
0x00007FF806D17034 (KERNEL32) BaseThreadInitThunk
0x00007FF8075A26A1 (ntdll) RtlUserThreadStart


Call Stack for Thread 24496:
0x00007FF8075ED144 (ntdll) NtWaitForSingleObject
0x00007FF804C8306E (KERNELBASE) WaitForSingleObjectEx
0x00007FFF563547E2 (UnityPlayer) UnityMain
0x00007FFF55BE1680 (UnityPlayer) UnityMain
0x00007FFF55BE2750 (UnityPlayer) UnityMain
0x00007FFF55CCEEB8 (UnityPlayer) UnityMain
0x00007FF806D17034 (KERNEL32) BaseThreadInitThunk
0x00007FF8075A26A1 (ntdll) RtlUserThreadStart


Call Stack for Thread 11820:
0x00007FF8075ED144 (ntdll) NtWaitForSingleObject
0x00007FF804C8306E (KERNELBASE) WaitForSingleObjectEx
0x00007FFF563547E2 (UnityPlayer) UnityMain
0x00007FFF55BE1680 (UnityPlayer) UnityMain
0x00007FFF55BE2750 (UnityPlayer) UnityMain
0x00007FFF55CCEEB8 (UnityPlayer) UnityMain
0x00007FF806D17034 (KERNEL32) BaseThreadInitThunk
0x00007FF8075A26A1 (ntdll) RtlUserThreadStart


Call Stack for Thread 23636:
0x00007FF8075ED144 (ntdll) NtWaitForSingleObject
0x00007FF804C8306E (KERNELBASE) WaitForSingleObjectEx
0x00007FFF563547E2 (UnityPlayer) UnityMain
0x00007FFF55BE1680 (UnityPlayer) UnityMain
0x00007FFF55BE2750 (UnityPlayer) UnityMain
0x00007FFF55CCEEB8 (UnityPlayer) UnityMain
0x00007FF806D17034 (KERNEL32) BaseThreadInitThunk
0x00007FF8075A26A1 (ntdll) RtlUserThreadStart


Call Stack for Thread 26460:
0x00007FF8075ED144 (ntdll) NtWaitForSingleObject
0x00007FF804C8306E (KERNELBASE) WaitForSingleObjectEx
0x00007FFF563547E2 (UnityPlayer) UnityMain
0x00007FFF55BE1680 (UnityPlayer) UnityMain
0x00007FFF55BE2750 (UnityPlayer) UnityMain
0x00007FFF55CCEEB8 (UnityPlayer) UnityMain
0x00007FF806D17034 (KERNEL32) BaseThreadInitThunk
0x00007FF8075A26A1 (ntdll) RtlUserThreadStart


Call Stack for Thread 25172:
0x00007FF8075ED144 (ntdll) NtWaitForSingleObject
0x00007FF804C8306E (KERNELBASE) WaitForSingleObjectEx
0x00007FFF563547E2 (UnityPlayer) UnityMain
0x00007FFF55CCFF2A (UnityPlayer) UnityMain
0x00007FFF55C255AC (UnityPlayer) UnityMain
0x00007FFF55CCEEB8 (UnityPlayer) UnityMain
0x00007FF806D17034 (KERNEL32) BaseThreadInitThunk
0x00007FF8075A26A1 (ntdll) RtlUserThreadStart


Call Stack for Thread 15108:
0x00007FF8075ED144 (ntdll) NtWaitForSingleObject
0x00007FF804C8306E (KERNELBASE) WaitForSingleObjectEx
0x00007FFF563547E2 (UnityPlayer) UnityMain
0x00007FFF55AD7EBD (UnityPlayer) UnityMain
0x00007FFF55CCEEB8 (UnityPlayer) UnityMain
0x00007FF806D17034 (KERNEL32) BaseThreadInitThunk
0x00007FF8075A26A1 (ntdll) RtlUserThreadStart


Call Stack for Thread 2124:
0x00007FF8075ED144 (ntdll) NtWaitForSingleObject
0x00007FF804C8306E (KERNELBASE) WaitForSingleObjectEx
0x00007FFF530EE1DF (nvwgf2umx) NVDEV_Thunk
0x00007FFF53E57778 (nvwgf2umx) OpenAdapter12
0x00007FF806D17034 (KERNEL32) BaseThreadInitThunk
0x00007FF8075A26A1 (ntdll) RtlUserThreadStart


Call Stack for Thread 25680:
0x00007FF8075ED144 (ntdll) NtWaitForSingleObject
0x00007FF804C8306E (KERNELBASE) WaitForSingleObjectEx
0x00007FFF530EE1DF (nvwgf2umx) NVDEV_Thunk
0x00007FFF53E57778 (nvwgf2umx) OpenAdapter12
0x00007FF806D17034 (KERNEL32) BaseThreadInitThunk
0x00007FF8075A26A1 (ntdll) RtlUserThreadStart


Call Stack for Thread 18196:
0x00007FF8075ED144 (ntdll) NtWaitForSingleObject
0x00007FF804C8306E (KERNELBASE) WaitForSingleObjectEx
0x00007FFF530EE1DF (nvwgf2umx) NVDEV_Thunk
0x00007FFF53E57778 (nvwgf2umx) OpenAdapter12
0x00007FF806D17034 (KERNEL32) BaseThreadInitThunk
0x00007FF8075A26A1 (ntdll) RtlUserThreadStart


Call Stack for Thread 6224:
0x00007FF8075ED144 (ntdll) NtWaitForSingleObject
0x00007FF804C8306E (KERNELBASE) WaitForSingleObjectEx
0x00007FFF530EE1DF (nvwgf2umx) NVDEV_Thunk
0x00007FFF53E57778 (nvwgf2umx) OpenAdapter12
0x00007FF806D17034 (KERNEL32) BaseThreadInitThunk
0x00007FF8075A26A1 (ntdll) RtlUserThreadStart


Call Stack for Thread 744:
0x00007FF8075ED144 (ntdll) NtWaitForSingleObject
0x00007FF804C8306E (KERNELBASE) WaitForSingleObjectEx
0x00007FFF52FB1C7F (nvwgf2umx) NVDEV_Thunk
0x00007FFF53E57778 (nvwgf2umx) OpenAdapter12
0x00007FF806D17034 (KERNEL32) BaseThreadInitThunk
0x00007FF8075A26A1 (ntdll) RtlUserThreadStart


Call Stack for Thread 17312:
0x00007FF8075ED144 (ntdll) NtWaitForSingleObject
0x00007FF804C8306E (KERNELBASE) WaitForSingleObjectEx
0x00007FFF536D4BCB (nvwgf2umx) NVDEV_Thunk
0x00007FFF536D3DAA (nvwgf2umx) NVDEV_Thunk
0x00007FFF536C8B3D (nvwgf2umx) NVDEV_Thunk
0x00007FFF530DB48A (nvwgf2umx) NVDEV_Thunk
0x00007FFF53E57778 (nvwgf2umx) OpenAdapter12
0x00007FF806D17034 (KERNEL32) BaseThreadInitThunk
0x00007FF8075A26A1 (ntdll) RtlUserThreadStart


Call Stack for Thread 19552:
0x00007FF8075ED144 (ntdll) NtWaitForSingleObject
0x00007FF804C8306E (KERNELBASE) WaitForSingleObjectEx
0x00007FFF530EE1DF (nvwgf2umx) NVDEV_Thunk
0x00007FFF53E57778 (nvwgf2umx) OpenAdapter12
0x00007FF806D17034 (KERNEL32) BaseThreadInitThunk
0x00007FF8075A26A1 (ntdll) RtlUserThreadStart


Call Stack for Thread 10100:
0x00007FF8075EDC14 (ntdll) ZwWaitForMultipleObjects
0x00007FF804CB0460 (KERNELBASE) WaitForMultipleObjectsEx
0x00007FF807253816 (combase) InternalTlsAllocData
0x00007FF80725356D (combase) InternalTlsAllocData
0x00007FF807253429 (combase) InternalTlsAllocData
0x00007FF806D17034 (KERNEL32) BaseThreadInitThunk
0x00007FF8075A26A1 (ntdll) RtlUserThreadStart


Call Stack for Thread 8576:
0x00007FF8075F0B14 (ntdll) ZwWaitForWorkViaWorkerFactory
0x00007FF8075A2E17 (ntdll) TpReleaseCleanupGroupMembers
0x00007FF806D17034 (KERNEL32) BaseThreadInitThunk
0x00007FF8075A26A1 (ntdll) RtlUserThreadStart


Call Stack for Thread 13832:
0x00007FF8075F0B14 (ntdll) ZwWaitForWorkViaWorkerFactory
0x00007FF8075A2E17 (ntdll) TpReleaseCleanupGroupMembers
0x00007FF806D17034 (KERNEL32) BaseThreadInitThunk
0x00007FF8075A26A1 (ntdll) RtlUserThreadStart


Call Stack for Thread 10804:
0x00007FF8075ED144 (ntdll) NtWaitForSingleObject
0x00007FF804C8306E (KERNELBASE) WaitForSingleObjectEx
0x00007FFF530EE1DF (nvwgf2umx) NVDEV_Thunk
0x00007FFF53E57778 (nvwgf2umx) OpenAdapter12
0x00007FF806D17034 (KERNEL32) BaseThreadInitThunk
0x00007FF8075A26A1 (ntdll) RtlUserThreadStart


Call Stack for Thread 18384:
0x00007FF8075ED144 (ntdll) NtWaitForSingleObject
0x00007FF804C8306E (KERNELBASE) WaitForSingleObjectEx
0x00007FFF530EE1DF (nvwgf2umx) NVDEV_Thunk
0x00007FFF53E57778 (nvwgf2umx) OpenAdapter12
0x00007FF806D17034 (KERNEL32) BaseThreadInitThunk
0x00007FF8075A26A1 (ntdll) RtlUserThreadStart


Call Stack for Thread 23352:
0x00007FF8075ED144 (ntdll) NtWaitForSingleObject
0x00007FF804C8306E (KERNELBASE) WaitForSingleObjectEx
0x00007FFF530EE1DF (nvwgf2umx) NVDEV_Thunk
0x00007FFF53E57778 (nvwgf2umx) OpenAdapter12
0x00007FF806D17034 (KERNEL32) BaseThreadInitThunk
0x00007FF8075A26A1 (ntdll) RtlUserThreadStart


Call Stack for Thread 23740:
0x00007FF8075ED144 (ntdll) NtWaitForSingleObject
0x00007FF804C8306E (KERNELBASE) WaitForSingleObjectEx
0x00007FFF530EE1DF (nvwgf2umx) NVDEV_Thunk
0x00007FFF53E57778 (nvwgf2umx) OpenAdapter12
0x00007FF806D17034 (KERNEL32) BaseThreadInitThunk
0x00007FF8075A26A1 (ntdll) RtlUserThreadStart


Call Stack for Thread 11708:
0x00007FF8075ED144 (ntdll) NtWaitForSingleObject
0x00007FF804C8306E (KERNELBASE) WaitForSingleObjectEx
0x00007FFF563547E2 (UnityPlayer) UnityMain
0x00007FFF55CCFF2A (UnityPlayer) UnityMain
ERROR: SymGetSymFromAddr64, GetLastError: 'Attempt to access invalid address.' (Address: 00007FFF559940D1)
0x00007FFF559940D1 (UnityPlayer) (function-name not available)
ERROR: SymGetSymFromAddr64, GetLastError: 'Attempt to access invalid address.' (Address: 00007FFF5599F94D)
0x00007FFF5599F94D (UnityPlayer) (function-name not available)
ERROR: SymGetSymFromAddr64, GetLastError: 'Attempt to access invalid address.' (Address: 00007FFF5599FA28)
0x00007FFF5599FA28 (UnityPlayer) (function-name not available)
0x00007FFF55CCEEB8 (UnityPlayer) UnityMain
0x00007FF806D17034 (KERNEL32) BaseThreadInitThunk
0x00007FF8075A26A1 (ntdll) RtlUserThreadStart


Call Stack for Thread 15652:
0x00007FF8075ED144 (ntdll) NtWaitForSingleObject
0x00007FF804C8306E (KERNELBASE) WaitForSingleObjectEx
0x00007FFF5647186A (UnityPlayer) UnityMain
0x00007FFF564717BE (UnityPlayer) UnityMain
0x00007FFF563FF5A6 (UnityPlayer) UnityMain
0x00007FFF568AD340 (UnityPlayer) UnityMain
0x00007FF806D17034 (KERNEL32) BaseThreadInitThunk
0x00007FF8075A26A1 (ntdll) RtlUserThreadStart


Call Stack for Thread 21244:
0x00007FF8075ED144 (ntdll) NtWaitForSingleObject
0x00007FF804C8306E (KERNELBASE) WaitForSingleObjectEx
0x00007FFF56453F95 (UnityPlayer) UnityMain
0x00007FFF563FD87A (UnityPlayer) UnityMain
0x00007FFF563FF571 (UnityPlayer) UnityMain
0x00007FFF568AD340 (UnityPlayer) UnityMain
0x00007FF806D17034 (KERNEL32) BaseThreadInitThunk
0x00007FF8075A26A1 (ntdll) RtlUserThreadStart


Call Stack for Thread 22576:
0x00007FF8075ED744 (ntdll) NtDelayExecution
0x00007FF804CAB03E (KERNELBASE) SleepEx
0x00007FFF563FDA2A (UnityPlayer) UnityMain
0x00007FFF563FF5D4 (UnityPlayer) UnityMain
0x00007FFF568AD340 (UnityPlayer) UnityMain
0x00007FF806D17034 (KERNEL32) BaseThreadInitThunk
0x00007FF8075A26A1 (ntdll) RtlUserThreadStart


Call Stack for Thread 22412:
0x00007FF8075ED144 (ntdll) NtWaitForSingleObject
0x00007FF804C8306E (KERNELBASE) WaitForSingleObjectEx
0x00007FFF530EE1DF (nvwgf2umx) NVDEV_Thunk
0x00007FFF53E57778 (nvwgf2umx) OpenAdapter12
0x00007FF806D17034 (KERNEL32) BaseThreadInitThunk
0x00007FF8075A26A1 (ntdll) RtlUserThreadStart


Call Stack for Thread 19860:
0x00007FF8075ED144 (ntdll) NtWaitForSingleObject
0x00007FF804C8306E (KERNELBASE) WaitForSingleObjectEx
0x00007FFF530EE1DF (nvwgf2umx) NVDEV_Thunk
0x00007FFF53E57778 (nvwgf2umx) OpenAdapter12
0x00007FF806D17034 (KERNEL32) BaseThreadInitThunk
0x00007FF8075A26A1 (ntdll) RtlUserThreadStart


Call Stack for Thread 9084:
0x00007FF8075ED144 (ntdll) NtWaitForSingleObject
0x00007FF804C8306E (KERNELBASE) WaitForSingleObjectEx
0x00007FFF530EE1DF (nvwgf2umx) NVDEV_Thunk
0x00007FFF53E57778 (nvwgf2umx) OpenAdapter12
0x00007FF806D17034 (KERNEL32) BaseThreadInitThunk
0x00007FF8075A26A1 (ntdll) RtlUserThreadStart


Call Stack for Thread 15288:
0x00007FF8075ED144 (ntdll) NtWaitForSingleObject
0x00007FF804C8306E (KERNELBASE) WaitForSingleObjectEx
0x00007FFF530EE1DF (nvwgf2umx) NVDEV_Thunk
0x00007FFF53E57778 (nvwgf2umx) OpenAdapter12
0x00007FF806D17034 (KERNEL32) BaseThreadInitThunk
0x00007FF8075A26A1 (ntdll) RtlUserThreadStart


Call Stack for Thread 2180:
0x00007FF8075ED144 (ntdll) NtWaitForSingleObject
0x00007FF804C8306E (KERNELBASE) WaitForSingleObjectEx
0x00007FFF52FB1C7F (nvwgf2umx) NVDEV_Thunk
0x00007FFF53E57778 (nvwgf2umx) OpenAdapter12
0x00007FF806D17034 (KERNEL32) BaseThreadInitThunk
0x00007FF8075A26A1 (ntdll) RtlUserThreadStart


Call Stack for Thread 10824:
0x00007FF8075ED144 (ntdll) NtWaitForSingleObject
0x00007FF804C8306E (KERNELBASE) WaitForSingleObjectEx
0x00007FFF536D4BCB (nvwgf2umx) NVDEV_Thunk
0x00007FFF536D3DAA (nvwgf2umx) NVDEV_Thunk
0x00007FFF536C8B3D (nvwgf2umx) NVDEV_Thunk
0x00007FFF530DB48A (nvwgf2umx) NVDEV_Thunk
0x00007FFF53E57778 (nvwgf2umx) OpenAdapter12
0x00007FF806D17034 (KERNEL32) BaseThreadInitThunk
0x00007FF8075A26A1 (ntdll) RtlUserThreadStart


Call Stack for Thread 4312:
0x00007FF8075ED144 (ntdll) NtWaitForSingleObject
0x00007FF804C8306E (KERNELBASE) WaitForSingleObjectEx
0x00007FFF530EE1DF (nvwgf2umx) NVDEV_Thunk
0x00007FFF53E57778 (nvwgf2umx) OpenAdapter12
0x00007FF806D17034 (KERNEL32) BaseThreadInitThunk
0x00007FF8075A26A1 (ntdll) RtlUserThreadStart


Call Stack for Thread 21532:
0x00007FF8075ED144 (ntdll) NtWaitForSingleObject
0x00007FF804C8306E (KERNELBASE) WaitForSingleObjectEx
0x00007FFF563547E2 (UnityPlayer) UnityMain
0x00007FFF55C3DEAA (UnityPlayer) UnityMain
0x00007FFF55C3E029 (UnityPlayer) UnityMain
0x00007FFF55CCEEB8 (UnityPlayer) UnityMain
0x00007FF806D17034 (KERNEL32) BaseThreadInitThunk
0x00007FF8075A26A1 (ntdll) RtlUserThreadStart


Call Stack for Thread 18132:
0x00007FF8075ED144 (ntdll) NtWaitForSingleObject
0x00007FF804C8306E (KERNELBASE) WaitForSingleObjectEx
0x00007FFF51ED1D79 (steamclient64) Breakpad_SteamWriteMiniDumpUsingExceptionInfoWithBuildId
0x00007FFF51ED3A57 (steamclient64) Breakpad_SteamWriteMiniDumpUsingExceptionInfoWithBuildId
0x00007FFF51ED3BF7 (steamclient64) Breakpad_SteamWriteMiniDumpUsingExceptionInfoWithBuildId
0x00007FFF51ECD2AB (steamclient64) Breakpad_SteamWriteMiniDumpUsingExceptionInfoWithBuildId
0x00007FFF523215E4 (steamclient64) CreateInterface
0x00007FF806D17034 (KERNEL32) BaseThreadInitThunk
0x00007FF8075A26A1 (ntdll) RtlUserThreadStart


Call Stack for Thread 18156:
0x00007FF8075ED144 (ntdll) NtWaitForSingleObject
0x00007FF804C8306E (KERNELBASE) WaitForSingleObjectEx
0x00007FFF530EE1DF (nvwgf2umx) NVDEV_Thunk
0x00007FFF53E57778 (nvwgf2umx) OpenAdapter12
0x00007FF806D17034 (KERNEL32) BaseThreadInitThunk
0x00007FF8075A26A1 (ntdll) RtlUserThreadStart


Call Stack for Thread 24252:
0x00007FF8075ED144 (ntdll) NtWaitForSingleObject
0x00007FF804C8306E (KERNELBASE) WaitForSingleObjectEx
0x00007FFF530EE1DF (nvwgf2umx) NVDEV_Thunk
0x00007FFF53E57778 (nvwgf2umx) OpenAdapter12
0x00007FF806D17034 (KERNEL32) BaseThreadInitThunk
0x00007FF8075A26A1 (ntdll) RtlUserThreadStart


Call Stack for Thread 24992:
0x00007FF8075ED144 (ntdll) NtWaitForSingleObject
0x00007FF804C8306E (KERNELBASE) WaitForSingleObjectEx
0x00007FFF530EE1DF (nvwgf2umx) NVDEV_Thunk
0x00007FFF53E57778 (nvwgf2umx) OpenAdapter12
0x00007FF806D17034 (KERNEL32) BaseThreadInitThunk
0x00007FF8075A26A1 (ntdll) RtlUserThreadStart


Call Stack for Thread 5696:
0x00007FF8075ED144 (ntdll) NtWaitForSingleObject
0x00007FF804C8306E (KERNELBASE) WaitForSingleObjectEx
0x00007FFF530EE1DF (nvwgf2umx) NVDEV_Thunk
0x00007FFF53E57778 (nvwgf2umx) OpenAdapter12
0x00007FF806D17034 (KERNEL32) BaseThreadInitThunk
0x00007FF8075A26A1 (ntdll) RtlUserThreadStart


Call Stack for Thread 10176:
0x00007FF8075ED144 (ntdll) NtWaitForSingleObject
0x00007FF804C8306E (KERNELBASE) WaitForSingleObjectEx
0x00007FFF530EE1DF (nvwgf2umx) NVDEV_Thunk
0x00007FFF53E57778 (nvwgf2umx) OpenAdapter12
0x00007FF806D17034 (KERNEL32) BaseThreadInitThunk
0x00007FF8075A26A1 (ntdll) RtlUserThreadStart


Call Stack for Thread 14456:
0x00007FF8075ED144 (ntdll) NtWaitForSingleObject
0x00007FF804C8306E (KERNELBASE) WaitForSingleObjectEx
0x00007FFF52CA0E97 (nvwgf2umx) NVENCODEAPI_Thunk
0x00007FFF53E57778 (nvwgf2umx) OpenAdapter12
0x00007FF806D17034 (KERNEL32) BaseThreadInitThunk
0x00007FF8075A26A1 (ntdll) RtlUserThreadStart


Call Stack for Thread 11940:
0x00007FF8075EDC14 (ntdll) ZwWaitForMultipleObjects
0x00007FF804CB0460 (KERNELBASE) WaitForMultipleObjectsEx
0x00007FF804CB035E (KERNELBASE) WaitForMultipleObjects
0x00007FFF52E7F8A7 (nvwgf2umx) NVDEV_Thunk
0x00007FFF530DB48A (nvwgf2umx) NVDEV_Thunk
0x00007FFF53E57778 (nvwgf2umx) OpenAdapter12
0x00007FF806D17034 (KERNEL32) BaseThreadInitThunk
0x00007FF8075A26A1 (ntdll) RtlUserThreadStart


Call Stack for Thread 9292:
0x00007FF8075F0AB4 (ntdll) ZwWaitForAlertByThreadId
0x00007FF8075B43A5 (ntdll) RtlSleepConditionVariableCS
0x00007FF804CCDA49 (KERNELBASE) SleepConditionVariableCS
0x00007FFF5F14111C (mono-2.0-bdwgc) mono_threads_attach_tools_thread
0x00007FFF5F1FB841 (mono-2.0-bdwgc) mono_unity_managed_callstack
0x00007FFF5F1F6BD8 (mono-2.0-bdwgc) mono_unity_managed_callstack
0x00007FFF5F1F6966 (mono-2.0-bdwgc) mono_unity_managed_callstack
0x00007FF806D17034 (KERNEL32) BaseThreadInitThunk
0x00007FF8075A26A1 (ntdll) RtlUserThreadStart


Call Stack for Thread 1980:
0x00007FF8075F0AB4 (ntdll) ZwWaitForAlertByThreadId
0x00007FF8075B43A5 (ntdll) RtlSleepConditionVariableCS
0x00007FF804CCDA49 (KERNELBASE) SleepConditionVariableCS
0x00007FFF5F1FC647 (mono-2.0-bdwgc) mono_unity_managed_callstack
0x00007FFF5F1FC9F8 (mono-2.0-bdwgc) mono_unity_managed_callstack
0x00007FFF5F1F6BD8 (mono-2.0-bdwgc) mono_unity_managed_callstack
0x00007FFF5F1F6966 (mono-2.0-bdwgc) mono_unity_managed_callstack
0x00007FF806D17034 (KERNEL32) BaseThreadInitThunk
0x00007FF8075A26A1 (ntdll) RtlUserThreadStart


Call Stack for Thread 25248:
0x00007FF8075F0AB4 (ntdll) ZwWaitForAlertByThreadId
0x00007FF8075B43A5 (ntdll) RtlSleepConditionVariableCS
0x00007FF804CCDA49 (KERNELBASE) SleepConditionVariableCS
0x00007FFF5F1FC647 (mono-2.0-bdwgc) mono_unity_managed_callstack
0x00007FFF5F1FC9F8 (mono-2.0-bdwgc) mono_unity_managed_callstack
0x00007FFF5F1F6BD8 (mono-2.0-bdwgc) mono_unity_managed_callstack
0x00007FFF5F1F6966 (mono-2.0-bdwgc) mono_unity_managed_callstack
0x00007FF806D17034 (KERNEL32) BaseThreadInitThunk
0x00007FF8075A26A1 (ntdll) RtlUserThreadStart


Call Stack for Thread 11928:
0x00007FF8075F0AB4 (ntdll) ZwWaitForAlertByThreadId
0x00007FF8075B43A5 (ntdll) RtlSleepConditionVariableCS
0x00007FF804CCDA49 (KERNELBASE) SleepConditionVariableCS
0x00007FFF5F1FC647 (mono-2.0-bdwgc) mono_unity_managed_callstack
0x00007FFF5F1FC9F8 (mono-2.0-bdwgc) mono_unity_managed_callstack
0x00007FFF5F1F6BD8 (mono-2.0-bdwgc) mono_unity_managed_callstack
0x00007FFF5F1F6966 (mono-2.0-bdwgc) mono_unity_managed_callstack
0x00007FF806D17034 (KERNEL32) BaseThreadInitThunk
0x00007FF8075A26A1 (ntdll) RtlUserThreadStart


Call Stack for Thread 1940:
0x00007FF8075F0AB4 (ntdll) ZwWaitForAlertByThreadId
0x00007FF8075B43A5 (ntdll) RtlSleepConditionVariableCS
0x00007FF804CCDA49 (KERNELBASE) SleepConditionVariableCS
0x00007FFF5F1FC647 (mono-2.0-bdwgc) mono_unity_managed_callstack
0x00007FFF5F1FC9F8 (mono-2.0-bdwgc) mono_unity_managed_callstack
0x00007FFF5F1F6BD8 (mono-2.0-bdwgc) mono_unity_managed_callstack
0x00007FFF5F1F6966 (mono-2.0-bdwgc) mono_unity_managed_callstack
0x00007FF806D17034 (KERNEL32) BaseThreadInitThunk
0x00007FF8075A26A1 (ntdll) RtlUserThreadStart


Call Stack for Thread 24568:
0x00007FF8075F0AB4 (ntdll) ZwWaitForAlertByThreadId
0x00007FF8075B43A5 (ntdll) RtlSleepConditionVariableCS
0x00007FF804CCDA49 (KERNELBASE) SleepConditionVariableCS
0x00007FFF5F1FC647 (mono-2.0-bdwgc) mono_unity_managed_callstack
0x00007FFF5F1FC9F8 (mono-2.0-bdwgc) mono_unity_managed_callstack
0x00007FFF5F1F6BD8 (mono-2.0-bdwgc) mono_unity_managed_callstack
0x00007FFF5F1F6966 (mono-2.0-bdwgc) mono_unity_managed_callstack
0x00007FF806D17034 (KERNEL32) BaseThreadInitThunk
0x00007FF8075A26A1 (ntdll) RtlUserThreadStart


Call Stack for Thread 10124:
0x00007FF8075F0AB4 (ntdll) ZwWaitForAlertByThreadId
0x00007FF8075B43A5 (ntdll) RtlSleepConditionVariableCS
0x00007FF804CCDA49 (KERNELBASE) SleepConditionVariableCS
0x00007FFF5F1FC647 (mono-2.0-bdwgc) mono_unity_managed_callstack
0x00007FFF5F1FC9F8 (mono-2.0-bdwgc) mono_unity_managed_callstack
0x00007FFF5F1F6BD8 (mono-2.0-bdwgc) mono_unity_managed_callstack
0x00007FFF5F1F6966 (mono-2.0-bdwgc) mono_unity_managed_callstack
0x00007FF806D17034 (KERNEL32) BaseThreadInitThunk
0x00007FF8075A26A1 (ntdll) RtlUserThreadStart


Call Stack for Thread 16496:
0x00007FF8075F0AB4 (ntdll) ZwWaitForAlertByThreadId
0x00007FF8075B43A5 (ntdll) RtlSleepConditionVariableCS
0x00007FF804CCDA49 (KERNELBASE) SleepConditionVariableCS
0x00007FFF5F1FC647 (mono-2.0-bdwgc) mono_unity_managed_callstack
0x00007FFF5F1FC9F8 (mono-2.0-bdwgc) mono_unity_managed_callstack
0x00007FFF5F1F6BD8 (mono-2.0-bdwgc) mono_unity_managed_callstack
0x00007FFF5F1F6966 (mono-2.0-bdwgc) mono_unity_managed_callstack
0x00007FF806D17034 (KERNEL32) BaseThreadInitThunk
0x00007FF8075A26A1 (ntdll) RtlUserThreadStart


Call Stack for Thread 20292:
0x00007FF8075F0AB4 (ntdll) ZwWaitForAlertByThreadId
0x00007FF8075B43A5 (ntdll) RtlSleepConditionVariableCS
0x00007FF804CCDA49 (KERNELBASE) SleepConditionVariableCS
0x00007FFF5F1FC647 (mono-2.0-bdwgc) mono_unity_managed_callstack
0x00007FFF5F1FC9F8 (mono-2.0-bdwgc) mono_unity_managed_callstack
0x00007FFF5F1F6BD8 (mono-2.0-bdwgc) mono_unity_managed_callstack
0x00007FFF5F1F6966 (mono-2.0-bdwgc) mono_unity_managed_callstack
0x00007FF806D17034 (KERNEL32) BaseThreadInitThunk
0x00007FF8075A26A1 (ntdll) RtlUserThreadStart


Call Stack for Thread 3200:
0x00007FF8075F0AB4 (ntdll) ZwWaitForAlertByThreadId
0x00007FF8075B43A5 (ntdll) RtlSleepConditionVariableCS
0x00007FF804CCDA49 (KERNELBASE) SleepConditionVariableCS
0x00007FFF5F1FC647 (mono-2.0-bdwgc) mono_unity_managed_callstack
0x00007FFF5F1FC9F8 (mono-2.0-bdwgc) mono_unity_managed_callstack
0x00007FFF5F1F6BD8 (mono-2.0-bdwgc) mono_unity_managed_callstack
0x00007FFF5F1F6966 (mono-2.0-bdwgc) mono_unity_managed_callstack
0x00007FF806D17034 (KERNEL32) BaseThreadInitThunk
0x00007FF8075A26A1 (ntdll) RtlUserThreadStart


Call Stack for Thread 25568:
0x00007FF8075F0AB4 (ntdll) ZwWaitForAlertByThreadId
0x00007FF8075B43A5 (ntdll) RtlSleepConditionVariableCS
0x00007FF804CCDA49 (KERNELBASE) SleepConditionVariableCS
0x00007FFF5F1FC647 (mono-2.0-bdwgc) mono_unity_managed_callstack
0x00007FFF5F1FC9F8 (mono-2.0-bdwgc) mono_unity_managed_callstack
0x00007FFF5F1F6BD8 (mono-2.0-bdwgc) mono_unity_managed_callstack
0x00007FFF5F1F6966 (mono-2.0-bdwgc) mono_unity_managed_callstack
0x00007FF806D17034 (KERNEL32) BaseThreadInitThunk
0x00007FF8075A26A1 (ntdll) RtlUserThreadStart




Stack Memory [0x000000920FF1CE50-0x000000920FF30000]:
0x0ff1ce50: 00000317 00000000 0ff1cec9 00000092 ................
0x0ff1ce60: 0ff1d010 00000092 568de004 00007fff ...........V....
0x0ff1ce70: 000005e3 00000325 56980774 00007fff ....%...t..V....
0x0ff1ce80: d0008020 00000226 00000317 00000000  ...&...........
0x0ff1ce90: 00000317 00000000 00000317 00000000 ................
0x0ff1cea0: 00000001 00007fff 00000000 00000000 ................
0x0ff1ceb0: ff000a0d 00000000 000000c0 00000000 ................
0x0ff1cec0: 00000002 00000000 00000049 00007fff ........I.......
0x0ff1ced0: 00000000 00000000 55a1000a 00007fff ...........U....
0x0ff1cee0: 00000003 00000000 00000001 00000000 ................
0x0ff1cef0: 00000049 00000000 568de004 00007fff I..........V....
0x0ff1cf00: 568de004 00007fff 00000010 00000000 ...V............
0x0ff1cf10: 01555558 00000000 00007f65 00000000 XUU.....e.......
0x0ff1cf20: 0ff1d030 00000092 56263dca 00007fff 0........=&V....
0x0ff1cf30: 013d8dd0 00000226 00000018 00000000 ..=.&...........
0x0ff1cf40: 00000000 00000000 568de004 00007fff ...........V....
0x0ff1cf50: 013a4a30 00000226 0ff1d078 00000092 0J:.&...x.......
0x0ff1cf60: 0ff1cfa8 00000092 0ff1d078 00000092 ........x.......
0x0ff1cf70: 00000000 00000000 568af800 00007fff ...........V....
0x0ff1cf80: 013a4a30 00000226 00000000 00000000 0J:.&...........
0x0ff1cf90: 00000001 00000092 00000000 00000000 ................
0x0ff1cfa0: 56c5f100 00007fff 568afa05 00007fff ...V.......V....
0x0ff1cfb0: 00000000 00000000 00000001 00000092 ................
0x0ff1cfc0: 00000000 00000000 0ff1d000 00000092 ................
0x0ff1cfd0: 013a4a30 00000226 00000000 00000000 0J:.&...........
0x0ff1cfe0: 00000001 00007fff 56264f1b 00007fff .........O&V....
0x0ff1cff0: 013a4a30 00000226 013a4a30 00000226 0J:.&...0J:.&...
0x0ff1d000: 013a4a30 00000226 0ff1cff8 00000092 0J:.&...........
0x0ff1d010: d0000010 00000226 568de004 00007fff ....&......V....
0x0ff1d020: 0ff1cf78 00000092 0ff1cfa0 00000092 x...............
0x0ff1d030: 568de004 00007fff 000005e3 ffffffff ...V............
0x0ff1d040: 00008011 00000000 00000000 00000000 ................
0x0ff1d050: 00000000 00000000 56353501 00007fff .........55V....
0x0ff1d060: 0ff1d170 00000092 55a1f202 00007fff p..........U....
0x0ff1d070: 00000018 00000000 00007f65 00000000 ........e.......
0x0ff1d080: d0000010 00000226 0000000a 00000000 ....&...........
0x0ff1d090: 00000010 00000000 568e35c8 00007fff .........5.V....
0x0ff1d0a0: 0000004e 00000092 568de004 00007fff N..........V....
0x0ff1d0b0: d0000010 00000226 568de004 00007fff ....&......V....
0x0ff1d0c0: 568de004 00007fff 568de004 00007fff ...V.......V....
0x0ff1d0d0: 568de004 00007fff 000005e3 ffffffff ...V............
0x0ff1d0e0: 00008011 00000000 00000000 00000000 ................
0x0ff1d0f0: 00000000 00000000 56353501 00007fff .........55V....
0x0ff1d100: 0ff1d180 00000092 01556000 00000000 .........`U.....
0x0ff1d110: f01e6bc8 00000226 b0163bb8 00000226 .k..&....;..&...
0x0ff1d120: b022bce0 00000226 b0098220 00000226 ..".&... ...&...
0x0ff1d130: 00000000 00000000 102f5280 00000227 .........R/.'...
0x0ff1d140: 00000010 00000000 55a1d271 00007fff ........q..U....
0x0ff1d150: 01556000 00000000 56c7cc60 00007fff .`U.....`..V....
0x0ff1d160: 01556000 00000000 56c6fa40 00007fff .`U.....@..V....
0x0ff1d170: 0ff1d180 00000092 00000000 00000000 ................
0x0ff1d180: 01000000 00007f01 000005af 00000000 ................
0x0ff1d190: 00000000 00000000 00000000 00000000 ................
0x0ff1d1a0: 00000000 00000226 00000000 00007fff ....&...........
0x0ff1d1b0: 00000020 00000000 00000020 00000000  ....... .......
0x0ff1d1c0: 00000000 00000000 5599303e 00007fff ........>0.U....
0x0ff1d1d0: 00000000 00000000 55a24461 00007fff ........aD.U....
0x0ff1d1e0: 65559000 00000229 38cd953e 00007fff ..Ue)...>..8....
0x0ff1d1f0: 01580000 00000000 5628e1bc 00007fff ..X.......(V....
0x0ff1d200: 56c7cd80 00007fff 00000010 00000000 ...V............
0x0ff1d210: 00000000 00000000 00000000 00000000 ................
0x0ff1d220: 56c7cc60 00007fff 55a22d6e 00007fff `..V....n-.U....
0x0ff1d230: 01556000 00000000 01580000 00000000 .`U.......X.....
0x0ff1d240: 01555558 00000000 00000000 00000000 XUU.............
0x0ff1d250: 00000000 00000000 00000000 00000000 ................
0x0ff1d260: 00000000 00000000 00000000 00000000 ................
0x0ff1d270: 00000000 00000000 00000000 00000000 ................
0x0ff1d280: 00000000 00000000 00000000 00000000 ................
0x0ff1d290: 00000000 00000000 55cd0a73 00007fff ........s..U....
0x0ff1d2a0: 0ff1d330 00000092 55a4eef4 00007fff 0..........U....
0x0ff1d2b0: 00000000 00000000 55d2e85a 00007fff ........Z..U....
0x0ff1d2c0: 56c6b8a0 00007fff 55cd0a73 00007fff ...V....s..U....
0x0ff1d2d0: 00000010 00000000 00000005 00000000 ................
0x0ff1d2e0: 00000000 00000000 56c7cc60 00007fff ........`..V....
0x0ff1d2f0: 56c7cfe0 00007fff 55cd01a2 00007fff ...V.......U....
0x0ff1d300: 00000010 00000000 56c6bae0 00007fff ...........V....
0x0ff1d310: 00000001 00000000 00000000 00000000 ................
0x0ff1d320: 01555558 00000000 55a1d0ce 00007fff XUU........U....
0x0ff1d330: 00000018 00000000 00000018 00000000 ................
0x0ff1d340: 56c6b8a0 00007fff 00000000 00000000 ...V............
0x0ff1d350: 0000004e 00000000 3c2237c3 00000000 N........7"<....
0x0ff1d360: 00000000 00000000 0000fec2 00000000 ................
0x0ff1d370: 64003020 00000229 00000008 00000000  0.d)...........
0x0ff1d380: 56c6b8a0 00007fff 00000000 00000000 ...V............
0x0ff1d390: 00000018 00000000 55a1f59f 00007fff ...........U....
0x0ff1d3a0: 01555558 00000000 00000000 00000000 XUU.............
0x0ff1d3b0: 00000005 00000000 55cd01a2 00007fff ...........U....
0x0ff1d3c0: 00000000 00000000 568de004 00007fff ...........V....
0x0ff1d3d0: 0000004e 00000000 56c7cc60 00007fff N.......`..V....
0x0ff1d3e0: 00000001 00000000 01555558 00000000 ........XUU.....
0x0ff1d3f0: 00000000 00000000 55a201f7 00007fff ...........U....
0x0ff1d400: 00000010 00000000 3f800000 3f800000 ...........?...?
0x0ff1d410: 00000008 00000000 55a1d01c 00007fff ...........U....
0x0ff1d420: 00000018 00007fff 00000000 00000000 ................
0x0ff1d430: 568de004 00007fff 0000004e 00000000 ...V....N.......
0x0ff1d440: 50053240 00000227 55caa4b5 00007fff @2.P'......U....
0x0ff1d450: 01555558 00000000 00000001 00000000 XUU.............
0x0ff1d460: 00000000 00000000 00000008 00000000 ................
0x0ff1d470: 00000000 00007fff 568de004 00007fff ...........V....
0x0ff1d480: 0000004e 00000000 55a1cc2a 00007fff N.......*..U....
0x0ff1d490: ad28c8c0 0000022a 555564e8 00007fff ..(.*....dUU....
0x0ff1d4a0: 500c2fc0 00000227 50053230 00000227 ./.P'...02.P'...
0x0ff1d4b0: 01555558 00000000 568de004 00007fff XUU........V....
0x0ff1d4c0: 00000001 00000000 00000010 00000000 ................
0x0ff1d4d0: ad28c8c0 0000022a 55b2cde7 00007fff ..(.*......U....
0x0ff1d4e0: ad28c8c0 0000022a 0ff1d629 00000092 ..(.*...).......
0x0ff1d4f0: 00000000 00000000 55bf7a03 00007fff .........z.U....
0x0ff1d500: 0000021f 00000000 00000140 00000000 ........@.......
0x0ff1d510: 00000000 00000000 00000005 00000000 ................
0x0ff1d520: 568de004 00007fff 55b2a47e 00007fff ...V....~..U....
0x0ff1d530: ad28c8c0 0000022a 0ff1d629 00000092 ..(.*...).......
0x0ff1d540: 00000000 00000000 5f184565 00007fff ........eE._....
0x0ff1d550: f02217a0 00000226 3f800000 00000000 ..".&......?....
0x0ff1d560: 00000000 00000000 00000000 3f800000 ...............?
0x0ff1d570: 00000000 00000000 00000000 00000000 ................
0x0ff1d580: 3f800000 00000000 00000000 00000000 ...?............
0x0ff1d590: 00000000 3f800000 3f800000 00000000 .......?...?....
0x0ff1d5a0: 00000000 00000000 00000000 3f800000 ...............?
0x0ff1d5b0: 00000000 00000000 00000000 00000000 ................
0x0ff1d5c0: 00000000 00000000 00000000 00000000 ................
0x0ff1d5d0: 00000000 00000000 3a888889 00000000 ...........:....
0x0ff1d5e0: 00000000 00000000 00000000 baf2b9d6 ................
0x0ff1d5f0: 00000000 00000000 00000000 00000000 ................
0x0ff1d600: bca237c3 00000000 bf800000 3f800000 .7.............?
0x0ff1d610: bf7aee42 3f800000 55c2ca8c 00007fff B.z....?...U....
0x0ff1d620: 00000000 00000000 00000000 00000000 ................
0x0ff1d630: 00000000 00000000 00000000 00000000 ................
0x0ff1d640: 01427270 00000226 00000000 00000000 prB.&...........
0x0ff1d650: 00000000 00000000 0ff1d888 00000092 ................
0x0ff1d660: ad28c8c0 0000022a 55b07c3f 00007fff ..(.*...?|.U....
0x0ff1d670: 2fa05f00 00000228 00000000 00000000 ._./(...........
0x0ff1d680: 00000000 00000226 00000000 0000022a ....&.......*...
0x0ff1d690: 00000800 00000227 00000800 00007fff ....'...........
0x0ff1d6a0: 00000000 0000022a 00000000 00000000 ....*...........
0x0ff1d6b0: ad28bd01 0000022a 00000001 00000092 ..(.*...........
0x0ff1d6c0: 00000000 00000000 55e19f9f 00007fff ...........U....
0x0ff1d6d0: 2fa05f00 00000228 0ff1d888 00000092 ._./(...........
0x0ff1d6e0: 00000000 00000000 ffffffff 00000000 ................
0x0ff1d6f0: 56c26a01 00007fff 56cc2a48 00007fff .j.V....H*.V....
0x0ff1d700: 2fa05f00 00000228 ffffffff 00000000 ._./(...........
0x0ff1d710: 2fa05f00 00000228 f022c830 00000226 ._./(...0.".&...
0x0ff1d720: 00000000 00000000 55a80b04 00007fff ...........U....
0x0ff1d730: 0ff1d888 00000092 00000000 00000000 ................
0x0ff1d740: 00000001 00000000 58b9c723 00000228 ........#..X(...
0x0ff1d750: 2fa05f00 00000228 00000000 00000000 ._./(...........
0x0ff1d760: 0ff1d7d0 00000092 55dc5be5 00007fff .........[.U....
0x0ff1d770: 00000001 00000000 56cc2a48 00007fff ........H*.V....
0x0ff1d780: 0ff1e540 00000092 0ff1d7d0 00000092 @...............
0x0ff1d790: 0ff1d750 00000092 00000000 00000000 P...............
0x0ff1d7a0: 58b963c0 00000228 411ce7b0 00000228 .c.X(......A(...
0x0ff1d7b0: 00000000 00000000 52dc9300 0000022a ...........R*...
0x0ff1d7c0: 2fa05f00 00000228 0ff1e4a0 00000092 ._./(...........
0x0ff1d7d0: 0ff1d830 00000092 58b9c643 00000228 0.......C..X(...
0x0ff1d7e0: 0ff1e540 00000092 0ff1d830 00000092 @.......0.......
0x0ff1d7f0: 0ff1d7c0 00000092 00000000 00000000 ................
0x0ff1d800: 00000001 00000000 411ce7b0 00000228 ...........A(...
0x0ff1d810: 00000000 00000000 00000000 00000000 ................
0x0ff1d820: 0ff1d888 00000092 2fa05f00 00000228 ........._./(...
0x0ff1d830: 0ff1d8b0 00000092 58b9c58b 00000228 ...........X(...
0x0ff1d840: 0ff1e540 00000092 0ff1d890 00000092 @...............
0x0ff1d850: eabb6480 0000022a 55dc5a22 00007fff .d..*..."Z.U....
0x0ff1d860: 00000001 00000000 58b9c150 00000228 ........P..X(...
0x0ff1d870: 00000000 00000000 00000000 00000000 ................
0x0ff1d880: 0ff1d910 00000092 00000000 00000000 ................
0x0ff1d890: 45000000 45000000 0ff1d8e0 00000092 ...E...E........
0x0ff1d8a0: 01427270 00000226 0ff1e488 00000092 prB.&...........
0x0ff1d8b0: 0ff1d920 00000092 58b9c4cb 00000228  ..........X(...
0x0ff1d8c0: 2fa05fa0 00000228 00000000 00000000 ._./(...........
0x0ff1d8d0: 0ff1e540 00000092 0ff1d920 00000092 @....... .......
0x0ff1d8e0: 00000001 00000000 00000000 00000000 ................
0x0ff1d8f0: 00000000 00000000 00000000 00000000 ................
0x0ff1d900: 0ff1dbd8 00000092 2fa05f00 00000228 ........._./(...
0x0ff1d910: 00000000 00000000 45000000 45000000 ...........E...E
0x0ff1d920: 0ff1dd00 00000092 58b98df3 00000228 ...........X(...
0x0ff1d930: 09bb4900 2858b973 41000002 ade9d3ff .I..s.X(...A....
0x0ff1d940: 33aa1480 0000022b 9f22ea71 0000ca99 ...3+...q.".....
0x0ff1d950: 45000000 00000000 58b97223 00000228 ...E....#r.X(...
0x0ff1d960: 58b97223 00000228 58b982c0 00000228 #r.X(......X(...
0x0ff1d970: 33aa1ef0 0000022b 5f329c68 00007fff ...3+...h.2_....
0x0ff1d980: 22354ee8 00000228 58b982c0 00000228 .N5"(......X(...
0x0ff1d990: 00000000 40a00000 00000000 00000000 .......@........
0x0ff1d9a0: 00000000 00000000 2fa05fe0 00000228 ........._./(...
0x0ff1d9b0: 2a376500 00000228 2fa05fe0 00000228 .e7*(...._./(...
0x0ff1d9c0: 00000800 00000000 00000800 00000000 ................
0x0ff1d9d0: 2fa05f00 00000228 00000000 00000000 ._./(...........
0x0ff1d9e0: 3051e5e0 0000022a 00000000 00000000 ..Q0*...........
0x0ff1d9f0: 58b9813b 00000228 0ff1db10 00000092 ;..X(...........
0x0ff1da00: 0ff1e4a0 00000092 0ff1e488 00000092 ................
0x0ff1da10: 3051e5e0 0000022a 00000000 00000000 ..Q0*...........
0x0ff1da20: 58b97223 00000228 0ff1db40 00000092 #r.X(...@.......
0x0ff1da30: 0ff1dd00 00000092 eabb6480 0000022a .........d..*...
0x0ff1da40: eabb6480 0000022a eabb6460 0000022a .d..*...`d..*...
0x0ff1da50: e90df310 0000022a 3bf2b000 00000228 ....*......;(...
0x0ff1da60: 0ff1db30 00000092 00000000 00000092 0...............
0x0ff1da70: 00000000 00000000 2a376500 00000228 .........e7*(...
0x0ff1da80: eabb6480 0000022a 00000000 00000000 .d..*...........
0x0ff1da90: 00000000 00000000 00000000 00000000 ................
0x0ff1daa0: 00000000 00000000 00000000 00000000 ................
0x0ff1dab0: 00000001 00000000 eabb6480 0000022a .........d..*...
0x0ff1dac0: eabb6480 0000022a 3bf2b000 00000228 .d..*......;(...
0x0ff1dad0: 496bca00 00000228 2a388600 00000228 ..kI(.....8*(...
0x0ff1dae0: 00000000 00000000 02d80300 00000226 ............&...
0x0ff1daf0: 00000000 00000000 00000000 00000000 ................
0x0ff1db00: 2fa05f00 00000228 2fa05fa0 00000228 ._./(...._./(...
0x0ff1db10: 3f834420 00000228 000002dc 00000092  D.?(...........
0x0ff1db20: 00000800 00000228 00000800 00000092 ....(...........
0x0ff1db30: 411ce7b0 00000228 00000005 000002dc ...A(...........
0x0ff1db40: 3bf2b000 00000228 00ebebeb 00000000 ...;(...........
0x0ff1db50: 3e294699 3db09715 3d2f9a71 00000000 .F)>...=q./=....
0x0ff1db60: 00000000 00000000 00000000 00000000 ................
0x0ff1db70: 45000000 45000000 00ebebeb 00000000 ...E...E........
0x0ff1db80: 3f6bebec 3f6bebec 3f6bebec 00000000 ..k?..k?..k?....
0x0ff1db90: 3ed8d8d9 3e9c9c9d 3e5cdcdd 3f800000 ...>...>..\>...?
0x0ff1dba0: 3ec7d6e6 3e905418 3e4b8a49 00000000 ...>.T.>I.K>....
0x0ff1dbb0: 3e294699 3db09715 3d2f9a71 00000000 .F)>...=q./=....
0x0ff1dbc0: 58b97223 00000228 00000000 00000000 #r.X(...........
0x0ff1dbd0: 45000000 45000000 00000000 00000000 ...E...E........
0x0ff1dbe0: 45000000 45000000 00ebebeb 00000000 ...E...E........
0x0ff1dbf0: 3ed8d8d9 3e9c9c9d 3e5cdcdd 3f800000 ...>...>..\>...?
0x0ff1dc00: 3f6bebec 3f6bebec 3f6bebec 00000000 ..k?..k?..k?....
0x0ff1dc10: 3ed8d8d9 3e9c9c9d 3e5cdcdd 3f800000 ...>...>..\>...?
0x0ff1dc20: 3ed8d8d9 3e9c9c9d 3e5cdcdd 3f800000 ...>...>..\>...?
0x0ff1dc30: 3ec7d6e6 3e905418 3e4b8a49 00000000 ...>.T.>I.K>....
0x0ff1dc40: 3e294699 3db09715 3d2f9a71 00000000 .F)>...=q./=....
0x0ff1dc50: 3e294699 3db09715 3d2f9a71 00000000 .F)>...=q./=....
0x0ff1dc60: 496bca50 00000228 0ff1dcf0 00000092 P.kI(...........
0x0ff1dc70: 00000000 00000000 0ff1e4a0 00000092 ................
0x0ff1dc80: 0ff1dcc0 00000092 0ff1d920 00000092 ........ .......
0x0ff1dc90: 9c6a7cc0 00000228 58b963c0 00000228 .|j.(....c.X(...
0x0ff1dca0: f66b8680 00000227 cc400bc0 00000227 ..k.'.....@.'...
0x0ff1dcb0: 496bca50 00000228 496bca50 00000228 P.kI(...P.kI(...
0x0ff1dcc0: 0ff1dd00 00000092 f76bafa3 00000227 ..........k.'...
0x0ff1dcd0: 58b982c0 00000228 22354ee8 00000228 ...X(....N5"(...
0x0ff1dce0: 0ff1e488 00000092 00000000 00000000 ................
0x0ff1dcf0: 00000000 00000000 3051e5e0 0000022a ..........Q0*...
0x0ff1dd00: 0ff1e130 00000092 58b97223 00000228 0.......#r.X(...
0x0ff1dd10: 00000000 00000000 00000020 00000000 ........ .......
0x0ff1dd20: 00000018 00000000 00000000 00000000 ................
0x0ff1dd30: 2a3887c0 00000228 425f6900 00000228 ..8*(....i_B(...
0x0ff1dd40: 8d976910 0000022a 8d976910 0000022a .i..*....i..*...
0x0ff1dd50: 425f6908 00000228 2a6dc2a0 00000228 .i_B(.....m*(...
0x0ff1dd60: 2a6dc2a0 00000228 2a6dc2a0 00000228 ..m*(.....m*(...
0x0ff1dd70: 2a6dc2a0 00000228 2a6dc2a0 00000228 ..m*(.....m*(...
0x0ff1dd80: 2a6dc2a0 00000228 2a6dc2a0 00000228 ..m*(.....m*(...
0x0ff1dd90: 2a6dc2a0 00000228 2a6dc2a0 00000228 ..m*(.....m*(...
0x0ff1dda0: 2a6dc2a0 00000228 2a6dc2a0 00000228 ..m*(.....m*(...
0x0ff1ddb0: 2a6dc2a0 00000228 2a6dc2a0 00000228 ..m*(.....m*(...
0x0ff1ddc0: 2a6dc2a0 00000228 2a6dc2a0 00000228 ..m*(.....m*(...
0x0ff1ddd0: 2a6dc2a0 00000228 2a6dc2a0 00000228 ..m*(.....m*(...
0x0ff1dde0: 2a6dc2a0 00000228 2a6dc2a0 00000228 ..m*(.....m*(...
0x0ff1ddf0: 2a6dc2a0 00000228 2a6dc2a0 00000228 ..m*(.....m*(...
0x0ff1de00: 2a6dc2a0 00000228 2a6dc2a0 00000228 ..m*(.....m*(...
0x0ff1de10: 2a6dc2a0 00000228 2a6dc2a0 00000228 ..m*(.....m*(...
0x0ff1de20: 2a6dc2a0 00000228 2a6dc2a0 00000228 ..m*(.....m*(...
0x0ff1de30: 2a6dc2a0 00000228 2a6dc2a0 00000228 ..m*(.....m*(...
0x0ff1de40: 2a6dc2a0 00000228 2a6dc2a0 00000228 ..m*(.....m*(...
0x0ff1de50: 425f6910 00000228 0ff1df19 00000092 .i_B(...........
0x0ff1de60: 06000060 00000000 5f191867 00007fff `.......g.._....
0x0ff1de70: 00000000 00000000 00000000 00000000 ................
0x0ff1de80: 1e17da00 00000228 00000000 00000000 ....(...........
0x0ff1de90: 00000000 00000000 00000000 00000000 ................
0x0ff1dea0: 00000000 00000000 3f008081 3edededf ...........?...>
0x0ff1deb0: 3ea8a8a9 3f800000 3f008081 3edededf ...>...?...?...>
0x0ff1dec0: 3ea8a8a9 3f800000 3edadadb 3eb6b6b7 ...>...?...>...>
0x0ff1ded0: 3e929293 3f800000 3edadadb 3eb6b6b7 ...>...?...>...>
0x0ff1dee0: 3e929293 3f800000 3e7cfcfd 3e828283 ...>...?..|>...>
0x0ff1def0: 3e2cacad 3f800000 3e7cfcfd 3e828283 ..,>...?..|>...>
0x0ff1df00: 3e2cacad 3f800000 3e848485 3e58d8d9 ..,>...?...>..X>
0x0ff1df10: 3e28a8a9 3f800000 3e848485 3e58d8d9 ..(>...?...>..X>
0x0ff1df20: 3e28a8a9 3f800000 3edadadb 3eb6b6b7 ..(>...?...>...>
0x0ff1df30: 3e929293 3f800000 3edadadb 3eb6b6b7 ...>...?...>...>
0x0ff1df40: 3e929293 3f800000 3e808081 3e50d0d1 ...>...?...>..P>
0x0ff1df50: 3e20a0a1 3f800000 3e808081 3e50d0d1 .. >...?...>..P>
0x0ff1df60: 3e20a0a1 3f800000 3e58d8d9 3e74f4f5 .. >...?..X>..t>
0x0ff1df70: 3e40c0c1 3f800000 3e58d8d9 3e74f4f5 ..@>...?..X>..t>
0x0ff1df80: 3e40c0c1 3f800000 3edadadb 3eb6b6b7 ..@>...?...>...>
0x0ff1df90: 3e929293 3f800000 3edadadb 3eb6b6b7 ...>...?...>...>
0x0ff1dfa0: 3e929293 3f800000 3f1c9c9d 3f27a7a8 ...>...?...?..'?
0x0ff1dfb0: 3f2cacad 3f800000 3f1c9c9d 3f27a7a8 ..,?...?...?..'?
0x0ff1dfc0: 3f2cacad 3f800000 3e68e8e9 3e868687 ..,?...?..h>...>
0x0ff1dfd0: 3e9a9a9b 3f800000 3e68e8e9 3e868687 ...>...?..h>...>
0x0ff1dfe0: 3e9a9a9b 3f800000 3e68e8e9 3e868687 ...>...?..h>...>
0x0ff1dff0: 3e9a9a9b 3f800000 3e68e8e9 3e868687 ...>...?..h>...>
0x0ff1e000: 3e9a9a9b 3f800000 3e68e8e9 3e868687 ...>...?..h>...>
0x0ff1e010: 3e9a9a9b 3f800000 3e68e8e9 3e868687 ...>...?..h>...>
0x0ff1e020: 3e9a9a9b 3f800000 3e868687 3e9e9e9f ...>...?...>...>
0x0ff1e030: 3ea0a0a1 3f800000 3e868687 3e9e9e9f ...>...?...>...>
0x0ff1e040: 3ea0a0a1 3f800000 3e868687 3e9e9e9f ...>...?...>...>
0x0ff1e050: 3ea0a0a1 3f800000 3e868687 3e9e9e9f ...>...?...>...>
0x0ff1e060: 3ea0a0a1 3f800000 3e868687 3e9e9e9f ...>...?...>...>
0x0ff1e070: 3ea0a0a1 3f800000 3e868687 3e9e9e9f ...>...?...>...>
0x0ff1e080: 3ea0a0a1 3f800000 1e25b7f8 00000228 ...>...?..%.(...
0x0ff1e090: 0ff1e488 00000092 58b963c0 00000228 .........c.X(...
0x0ff1e0a0: 22e82d20 00000226 5f19401a 00007fff  -."&....@._....
0x0ff1e0b0: 22354b48 00000228 0ff1e488 00000092 HK5"(...........
0x0ff1e0c0: 22e82d20 00000226 00000000 00000000  -."&...........
0x0ff1e0d0: 013e7dd8 00000226 5f1d633a 00007fff .}>.&...:c._....
0x0ff1e0e0: 00000000 00000000 5f4896a7 00007fff ..........H_....
0x0ff1e0f0: 33a94ca8 0000022b 00000000 00000000 .L.3+...........
0x0ff1e100: 00000000 00000000 5f122399 00007fff .........#._....
0x0ff1e110: 58b963c0 00000228 00000000 00000000 .c.X(...........
0x0ff1e120: 3051e5e0 0000022a 0ff1e488 00000092 ..Q0*...........
0x0ff1e130: 0ff1e1c0 00000092 58b962ed 00000228 .........b.X(...
0x0ff1e140: 33a94fe0 0000022b 5f1db025 00007fff .O.3+...%.._....
0x0ff1e150: 1e25b7f8 00000228 0ff1e4a0 00000092 ..%.(...........
0x0ff1e160: 3051f260 0000022a 0ff1e488 00000092 `.Q0*...........
0x0ff1e170: 33aa5220 0000022b 3051e5e0 0000022a  R.3+.....Q0*...
0x0ff1e180: 00000000 00000000 00000000 00000000 ................
0x0ff1e190: 22354b48 00000228 5f14ccaf 00007fff HK5"(......_....
0x0ff1e1a0: 58b963c0 00000228 00000000 00000000 .c.X(...........
0x0ff1e1b0: 22354b48 00000228 00000000 00000000 HK5"(...........
0x0ff1e1c0: 0ff1e200 00000092 5f24e270 00007fff ........p.$_....
0x0ff1e1d0: 00002378 00000000 0ff1e4a0 00000092 x#..............
0x0ff1e1e0: 00000000 00000000 1e25b7f8 00000228 ..........%.(...
0x0ff1e1f0: 0ff1e4a0 00000092 00000000 00000000 ................
0x0ff1e200: 00000000 00000000 013e5720 00000226 ........ W>.&...
0x0ff1e210: 00000000 00000000 00000000 00000000 ................
0x0ff1e220: 3051e5e0 0000022a 22e82d20 00000226 ..Q0*... -."&...
0x0ff1e230: 00000000 00000000 0757b3c7 00007ff8 ..........W.....
0x0ff1e240: 0ff1e4a0 00000092 0ff1e488 00000092 ................
0x0ff1e250: 00000018 00000000 00000000 00000000 ................
0x0ff1e260: 01380000 00000226 0ff1e329 00000092 ..8.&...).......
0x0ff1e270: 00000005 00000002 0757b3c7 00007ff8 ..........W.....
0x0ff1e280: 01550000 00000226 00000005 0000022b ..U.&.......+...
0x0ff1e290: 00000040 00000000 00000000 00000000 @...............
0x0ff1e2a0: 22e82d20 00000226 5f1922b1 00007fff  -."&...."._....
0x0ff1e2b0: 00000000 00000002 5f1acb59 00007fff ........Y.._....
0x0ff1e2c0: 1e25b8b0 00000228 1e25b7f8 00000228 ..%.(.....%.(...
0x0ff1e2d0: 22e82d20 00000226 00000000 00000000  -."&...........
0x0ff1e2e0: 013e7dd8 00000226 5f1d633a 00007fff .}>.&...:c._....
0x0ff1e2f0: 00000018 00000000 1e25b7f8 00000228 ..........%.(...
0x0ff1e300: 33a94fe0 0000022b 0ff1e4a0 00000092 .O.3+...........
0x0ff1e310: 00000004 00000000 3051f260 0000022a ........`.Q0*...
0x0ff1e320: cc4504a0 00000227 00000000 00000000 ..E.'...........
0x0ff1e330: 0141eca0 00000226 33a94fe0 0000022b ..A.&....O.3+...
0x0ff1e340: 5f121940 00007fff 5f48956c 00007fff @.._....l.H_....
0x0ff1e350: 9f22d171 0000ca99 00000018 00000000 q.".............
0x0ff1e360: cc4504a0 00000227 00000000 00000000 ..E.'...........
0x0ff1e370: 00000000 00000000 cc4504a0 00000227 ..........E.'...
0x0ff1e380: 0ff1eeb0 00000092 22354b48 00000228 ........HK5"(...
0x0ff1e390: 0ff1e488 00000092 0ff1e4a0 00000092 ................
0x0ff1e3a0: 00000000 00000000 5f1d2ae2 00007fff .........*._....
0x0ff1e3b0: 3051f260 0000022a 5f1dc07a 00007fff `.Q0*...z.._....
0x0ff1e3c0: 3051e950 0000022a 5f1f58c4 00007fff P.Q0*....X._....
0x0ff1e3d0: 0ff1e4a0 00000092 0ff1e4a0 00000092 ................
0x0ff1e3e0: 00000001 00000000 0ff1ee40 00000092 ........@.......
0x0ff1e3f0: 33a94fe0 0000022b 5f1db1fc 00007fff .O.3+......_....
0x0ff1e400: 3051f260 0000022a 00000000 00000000 `.Q0*...........
0x0ff1e410: 0ff1e4a0 00000092 0ff1e4a0 00000092 ................
0x0ff1e420: 0ff1e4a0 00000092 0ff1e4a0 00000092 ................
0x0ff1e430: 22e82d20 00000226 00000000 00000000  -."&...........
0x0ff1e440: 22354b48 00000228 5f1d638d 00007fff HK5"(....c._....
0x0ff1e450: 01427270 00000226 1e25b7f8 00000228 prB.&.....%.(...
0x0ff1e460: 01427270 00000226 1e25b8b0 00000228 prB.&.....%.(...
0x0ff1e470: 0ff1e590 00000092 5f188d2e 00007fff ..........._....
0x0ff1e480: 00002378 00000228 00000000 00000000 x#..(...........
0x0ff1e490: 00000001 00000092 1e25b7f8 00000228 ..........%.(...
0x0ff1e4a0: 00000000 00000228 00000001 00000000 ....(...........
0x0ff1e4b0: 0ff1eeb0 00000092 cc4504a0 00000227 ..........E.'...
0x0ff1e4c0: 0ff1e560 00000092 02dd11d4 00000226 `...........&...
0x0ff1e4d0: 0ff1e5d0 00000092 ce194b7b 00000227 ........{K..'...
0x0ff1e4e0: f348b054 00000227 02d80220 00000226 T.H.'... ...&...
0x0ff1e4f0: 0142f0c0 00000226 0ff1e540 00000092 ..B.&...@.......
0x0ff1e500: 0ff1e4d0 00000092 0ff1ee40 00000092 ........@.......
0x0ff1e510: 0ff1e658 00000092 cdbdfb43 00000227 X.......C...'...
0x0ff1e520: 0ff1ee40 00000092 cc4504a0 00000227 @.........E.'...
0x0ff1e530: 0ff1ee40 00000092 00000001 00000000 @...............
0x0ff1e540: 0142f0c0 00000226 0ff1e590 00000092 ..B.&...........
0x0ff1e550: 0ff1e520 00000092 0ff1ee40 00000092  .......@.......
0x0ff1e560: 00000001 00000000 00000000 00000000 ................
0x0ff1e570: 0ff1eeb0 00000092 cc4504a0 00000227 ..........E.'...
0x0ff1e580: 0ff1ee40 00000092 00000001 00000000 @...............
0x0ff1e590: 0ff1e5d0 00000092 cdbdfa3b 00000227 ........;...'...
0x0ff1e5a0: 00000001 00000000 00000000 00000000 ................
0x0ff1e5b0: 1fc0e640 00000228 cc919828 00000227 @...(...(...'...
0x0ff1e5c0: 00000001 00000000 1e25b8b0 00000228 ..........%.(...
0x0ff1e5d0: 0ff1e6d0 00000092 269d8e5b 00000228 ........[..&(...
0x0ff1e5e0: 00000000 00000000 00000000 00000000 ................
0x0ff1e5f0: 00000000 00000000 00000000 00000000 ................
0x0ff1e600: 0ff1eeb0 00000092 4311c9b0 00000228 ...........C(...
0x0ff1e610: 4311c9b0 00000228 4311c9b0 00000228 ...C(......C(...
0x0ff1e620: 4311c9b0 00000228 43e564d4 00000228 ...C(....d.C(...
0x0ff1e630: 00000000 00000000 1fc0e640 00000228 ........@...(...
0x0ff1e640: 0ff1e658 00000092 a8bec000 00000228 X...........(...
0x0ff1e650: 1fc0e640 00000228 38c27f00 00000228 @...(......8(...
0x0ff1e660: 0000017e 00000388 1fc0e640 00000228 ~.......@...(...
0x0ff1e670: 1e25b8b0 00000228 a8bec000 00000228 ..%.(.......(...
0x0ff1e680: 4311c9b0 00000228 4311c9b0 00000228 ...C(......C(...
0x0ff1e690: 4311c9b0 00000228 4311c9b0 00000228 ...C(......C(...
0x0ff1e6a0: 1974d9a0 00000228 cc38cb38 00000227 ..t.(...8.8.'...
0x0ff1e6b0: 249abc20 00000228 02d80220 00000226  ..$(... ...&...
0x0ff1e6c0: 0ff1e690 00000092 00000000 00000000 ................
0x0ff1e6d0: 0ff1e760 00000092 249ab9f3 00000228 `..........$(...
0x0ff1e6e0: cdbef320 00000227 0ff1eeb0 00000092  ...'...........
0x0ff1e6f0: 0ff1ee40 00000092 41f4d730 0000022a @.......0..A*...
0x0ff1e700: 0ff1e760 00000092 f66a3833 00000227 `.......38j.'...
0x0ff1e710: 00000000 00000000 00000001 00000000 ................
0x0ff1e720: 0ff1e760 00000092 c82a814b 00000227 `.......K.*.'...
0x0ff1e730: 02d821f0 00000226 f6c869b0 00000227 .!..&....i..'...
0x0ff1e740: cdd31dab 00000227 02d80ef0 00000226 ....'.......&...
0x0ff1e750: 00000000 00000000 02d821f0 00000226 .........!..&...
0x0ff1e760: 0ff1e860 00000092 cdd2f72c 00000227 `.......,...'...
0x0ff1e770: c43a867e 00000000 00000000 00000000 ~.:.............
0x0ff1e780: 42e66d1c 00000000 00000000 00000000 .m.B............
0x0ff1e790: 00000010 00000000 45572380 00000228 .........#WE(...
0x0ff1e7a0: 01427270 00000226 02dd11d4 00000226 prB.&.......&...
0x0ff1e7b0: 00000000 00000000 45572380 00000228 .........#WE(...
0x0ff1e7c0: 00006be0 409cee2e cb053780 00000227 .k.....@.7..'...
0x0ff1e7d0: 45572380 00000228 00006be0 00000092 .#WE(....k......
0x0ff1e7e0: cb053780 00000227 cdbef320 00000227 .7..'... ...'...
0x0ff1e7f0: 41f4d730 0000022a 45572380 00000228 0..A*....#WE(...
0x0ff1e800: 00006be0 00000092 cb053780 00000227 .k.......7..'...
0x0ff1e810: 00006be4 00000092 cb053780 00000227 .k.......7..'...
0x0ff1e820: 00000000 00000000 00006be0 00000226 .........k..&...
0x0ff1e830: cdd2f4e0 00000227 cc925e88 00000227 ....'....^..'...
0x0ff1e840: 1974d895 00000228 02d80220 00000226 ..t.(... ...&...
0x0ff1e850: 0ff1e760 00000092 cdd2f4e0 00000227 `...........'...
0x0ff1e860: 0ff1e8d0 00000092 cdd2fe3b 00000227 ........;...'...
0x0ff1e870: 0ff1ea00 00000092 f66cc094 00000227 ..........l.'...
0x0ff1e880: 00000000 3e900000 447cc000 434f0000 .......>..|D..OC
0x0ff1e890: 00000000 00007fff 80000000 405ccda3 ..............\@
0x0ff1e8a0: 22e86dc8 00000226 22e86dd0 00000226 .m."&....m."&...
0x0ff1e8b0: 22e86dd8 00000226 0ff1e968 00000092 .m."&...h.......
0x0ff1e8c0: cb04cec0 00000227 0ff1ed10 00000092 ....'...........
0x0ff1e8d0: 0ff1e930 00000092 f66cc4a3 00000227 0.........l.'...
0x0ff1e8e0: 0ff1ee40 00000092 22eb8f80 00000226 @.........."&...
0x0ff1e8f0: 0ff1e930 00000092 f66cbe9b 00000227 0.........l.'...
0x0ff1e900: 00000000 00000000 00000000 00000000 ................
0x0ff1e910: 00000000 00000092 447cc000 434f0000 ..........|D..OC
0x0ff1e920: 00000000 00000092 cb04cec0 00000227 ............'...
0x0ff1e930: 0ff1e9a0 00000092 19bef4f3 00000228 ............(...
0x0ff1e940: 00000000 00000000 447cc000 434f0000 ..........|D..OC
0x0ff1e950: 00000000 00000000 447cc000 434f0000 ..........|D..OC
0x0ff1e960: 00000000 00000000 3f039100 bf2aa61a ...........?..*.
0x0ff1e970: 3f0a38ad 00000227 422ca1de 423e050c .8.?'.....,B..>B
0x0ff1e980: c2b007bf 3f039119 bf2aa61a 3f0a38ad .......?..*..8.?
0x0ff1e990: 422ca1de 423e050c cb04cec0 00000227 ..,B..>B....'...
0x0ff1e9a0: 0ff1ea10 00000092 f66cb11b 00000227 ..........l.'...
0x0ff1e9b0: c2b007bf 3f039119 bf2aa61a 3f0a38ad .......?..*..8.?
0x0ff1e9c0: 422ca1de 423e050c c2b007bf 3f039119 ..,B..>B.......?
0x0ff1e9d0: bf2aa61a 3f0a38ad 00000000 00000000 ..*..8.?........
0x0ff1e9e0: 00000000 00000000 00000000 00000000 ................
0x0ff1e9f0: 00000000 00000000 5f13f620 00007fff ........ .._....
0x0ff1ea00: 00000000 00000000 f66cb0f0 00000227 ..........l.'...
0x0ff1ea10: 0ff1eaa0 00000092 02ddec30 00000226 ........0...&...
0x0ff1ea20: 00000000 00000000 5f13bec9 00007fff ..........._....
0x0ff1ea30: 0ff1ebd0 00000092 55535769 00007fff ........iWSU....
0x0ff1ea40: 0ff1ead0 00000092 0ff1ee40 00000092 ........@.......
0x0ff1ea50: 00000000 00000000 00000000 00000000 ................
0x0ff1ea60: 00000000 00000000 00000000 00000000 ................
0x0ff1ea70: 00000000 00000000 cbef83c0 00000227 ............'...
0x0ff1ea80: 0ff1ed10 00000092 cbef83c0 00000227 ............'...
0x0ff1ea90: 00000000 00000000 0ff1ed10 00000092 ................
0x0ff1eaa0: 0ff1eae0 00000092 5f24e270 00007fff ........p.$_....
0x0ff1eab0: 43f8ab18 00000092 0ff1ed10 00000092 ...C............
0x0ff1eac0: 00000000 00000092 cbef83c0 00000227 ............'...
0x0ff1ead0: 0ff1eb10 00000092 5f24e29b 00007fff ..........$_....
0x0ff1eae0: 00000000 00000000 013e5720 00000226 ........ W>.&...
0x0ff1eaf0: cb04cec0 00000227 0ff1eeb0 00000092 ....'...........
0x0ff1eb00: cc4504a0 00000227 22e82d20 00000226 ..E.'... -."&...
0x0ff1eb10: 00000000 00000000 013e5720 00000226 ........ W>.&...
0x0ff1eb20: 0ff1ed10 00000092 0ff1ee40 00000092 ........@.......
0x0ff1eb30: cc450fe0 00000227 22e82d20 00000226 ..E.'... -."&...
0x0ff1eb40: 00000000 00000000 22e82d20 00000226 ........ -."&...
0x0ff1eb50: 0ff1ed40 00000092 0ff1eea0 00000092 @...............
0x0ff1eb60: 00000000 00000000 0ff1ef50 00000092 ........P.......
0x0ff1eb70: cc450680 00000227 22e82d20 00000226 ..E.'... -."&...
0x0ff1eb80: 00000000 00000000 00000000 00000000 ................
0x0ff1eb90: 0ff1ed80 00000092 0ff1eee0 00000092 ................
0x0ff1eba0: 00000001 00000000 557816c6 00007fff ..........xU....
0x0ff1ebb0: f0010ce0 00000226 00000000 00000000 ....&...........
0x0ff1ebc0: 00000001 00000001 b02b0f10 00000226 ..........+.&...
0x0ff1ebd0: 00000000 00000000 00000000 00000000 ................
0x0ff1ebe0: 00002000 0000ca99 f022c870 00000226 . ......p.".&...
0x0ff1ebf0: 0ff1efd0 00000092 00000000 00000000 ................
0x0ff1ec00: 00000000 00000000 0000000a 00000000 ................
0x0ff1ec10: 01382dcc 00000226 ca8cd0b8 00000227 .-8.&.......'...
0x0ff1ec20: 0ff1ee20 00000092 0ff1ecc0 00000092  ...............
0x0ff1ec30: 9f22d991 0000ca99 5f1d2aff 00007fff .."......*._....
0x0ff1ec40: 00000001 00000000 00000000 00000000 ................
0x0ff1ec50: cb04cec0 00000227 0000000a 00000000 ....'...........
0x0ff1ec60: 01382dcc 00000226 cbef83c0 00000227 .-8.&.......'...
0x0ff1ec70: 0ff1ee40 00000092 0ff1ed10 00000092 @...............
0x0ff1ec80: 0ff1eeb0 00000092 5f1d2ae2 00007fff .........*._....
0x0ff1ec90: 01382dcc 00000226 cbc967f8 00000227 .-8.&....g..'...
0x0ff1eca0: 0ff1eea0 00000092 0ff1ed40 00000092 ........@.......
0x0ff1ecb0: 0ff1ed10 00000092 5f1d2aff 00007fff .........*._....
0x0ff1ecc0: 00000000 00000000 0ff1edf0 00000092 ................
0x0ff1ecd0: cbef83c0 00000227 5f1dbb3f 00007fff ....'...?.._....
0x0ff1ece0: 0ff1ee40 00000092 cb04cec0 00000227 @...........'...
0x0ff1ecf0: 0ff1eeb0 00000092 0ff1ee20 00000092 ........ .......
0x0ff1ed00: 0ff1ed10 00000092 5f1dbb72 00007fff ........r.._....
0x0ff1ed10: 00000000 00000092 00000000 00000000 ................
0x0ff1ed20: 0ff1ef10 00000092 00000000 00000000 ................
0x0ff1ed30: 0ff1ed40 00000092 0ff1ee60 00000092 @.......`.......
0x0ff1ed40: 0000ffff 00000000 5f1dbb72 00007fff ........r.._....
0x0ff1ed50: 0ff1eee0 00000092 00000000 00000000 ................
0x0ff1ed60: 0ff1ef50 00000092 55d63453 00007fff P.......S4.U....
0x0ff1ed70: 0ff1ed80 00000092 0ff1ee18 00000092 ................
0x0ff1ed80: cbef83c0 00000227 55d6606d 00007fff ....'...m`.U....
0x0ff1ed90: cb04cec0 00000227 00000000 00000000 ....'...........
0x0ff1eda0: 5f1dbad0 00007fff ca8cd0b8 00000227 ..._........'...
0x0ff1edb0: 00000000 00000000 55d63443 00007fff ........C4.U....
0x0ff1edc0: 00000000 00000000 0ff1ef90 00000092 ................
0x0ff1edd0: 0ff1ee40 00000092 0ff1ee50 00000092 @.......P.......
0x0ff1ede0: 0ff1ee40 00000092 55d60a00 00007fff @..........U....
0x0ff1edf0: cbef83c0 00000227 00000000 00000000 ....'...........
0x0ff1ee00: cbef83c0 00000227 00000000 00000000 ....'...........
0x0ff1ee10: 0ff1f020 00000092 55d4c603 00007fff  ..........U....
0x0ff1ee20: cb04cec0 00000227 e0008f20 00000227 ....'... ...'...
0x0ff1ee30: 00000000 00000000 cbef83c0 00000227 ............'...
0x0ff1ee40: 00000000 00000000 e0008f20 00000227 ........ ...'...

Module 1
C:\WINDOWS\SYSTEM32\xinput1_3.dll
Image Base: 0x00400000  Image Size: 0x0001e000
File Size:  107368      File Time:  2007-04-04_215422
Version:
   Company:    Microsoft Corporation
   Product:    Microsoft® DirectX for Windows®
   FileDesc:   Microsoft Common Controller API
   FileVer:    9.18.944.0
   ProdVer:    9.18.944.0

Crash Report configuration:
 * App Name: RimWorld by Ludeon Studios
 * App Version: Unity 2019.4.30f1_e8c891080a1f
 * Mono DLL: D:\Program Files (x86)\Steam\steamapps\common\RimWorld\MonoBleedingEdge\EmbedRuntime\mono-2.0-bdwgc.dll
 * Bug Reporter App Path: 
 * Crash Report Path: C:\Users\kcook\AppData\Local\Temp\Ludeon Studios\RimWorld by Ludeon Studios\Crashes
 * Is Editor: false

Crash Report metadata:

Additional report files:
 * "C:\Users\kcook\AppData\LocalLow\Ludeon Studios\RimWorld by Ludeon Studios\Player.log" (Output log file)



== [end of error.log] ==
